[2017-05-12 12:30:38] local.ALERT: Could not register permissions because SQLSTATE[42S02]: Base table or view not found: 1146 Table 'inapp.permissions' doesn't exist (SQL: select * from `permissions`)
#0 C:\laragon\www\inapp\vendor\laravel\framework\src\Illuminate\Database\Connection.php(607): Illuminate\Database\Connection->runQueryCallback('select * from `...', Array, Object(Closure))
#1 C:\laragon\www\inapp\vendor\laravel\framework\src\Illuminate\Database\Connection.php(326): Illuminate\Database\Connection->run('select * from `...', Array, Object(Closure))
#2 C:\laragon\www\inapp\vendor\laravel\framework\src\Illuminate\Database\Query\Builder.php(1711): Illuminate\Database\Connection->select('select * from `...', Array, true)
#3 C:\laragon\www\inapp\vendor\laravel\framework\src\Illuminate\Database\Query\Builder.php(1696): Illuminate\Database\Query\Builder->runSelect()
#4 C:\laragon\www\inapp\vendor\laravel\framework\src\Illuminate\Database\Eloquent\Builder.php(463): Illuminate\Database\Query\Builder->get(Array)
#5 C:\laragon\www\inapp\vendor\laravel\framework\src\Illuminate\Database\Eloquent\Builder.php(447): Illuminate\Database\Eloquent\Builder->getModels(Array)
#6 C:\laragon\www\inapp\vendor\spatie\laravel-permission\src\PermissionRegistrar.php(63): Illuminate\Database\Eloquent\Builder->get()
#7 C:\laragon\www\inapp\vendor\laravel\framework\src\Illuminate\Cache\Repository.php(288): Spatie\Permission\PermissionRegistrar->Spatie\Permission\{closure}()
#8 C:\laragon\www\inapp\vendor\spatie\laravel-permission\src\PermissionRegistrar.php(64): Illuminate\Cache\Repository->remember('spatie.permissi...', 1440, Object(Closure))
#9 C:\laragon\www\inapp\vendor\spatie\laravel-permission\src\PermissionRegistrar.php(36): Spatie\Permission\PermissionRegistrar->getPermissions()
#10 C:\laragon\www\inapp\vendor\spatie\laravel-permission\src\PermissionServiceProvider.php(28): Spatie\Permission\PermissionRegistrar->registerPermissions()
#11 [internal function]: Spatie\Permission\PermissionServiceProvider->boot(Object(Spatie\Permission\PermissionRegistrar))
#12 C:\laragon\www\inapp\vendor\laravel\framework\src\Illuminate\Container\BoundMethod.php(29): call_user_func_array(Array, Array)
#13 C:\laragon\www\inapp\vendor\laravel\framework\src\Illuminate\Container\BoundMethod.php(87): Illuminate\Container\BoundMethod::Illuminate\Container\{closure}()
#14 C:\laragon\www\inapp\vendor\laravel\framework\src\Illuminate\Container\BoundMethod.php(31): Illuminate\Container\BoundMethod::callBoundMethod(Object(Illuminate\Foundation\Application), Array, Object(Closure))
#15 C:\laragon\www\inapp\vendor\laravel\framework\src\Illuminate\Container\Container.php(531): Illuminate\Container\BoundMethod::call(Object(Illuminate\Foundation\Application), Array, Array, NULL)
#16 C:\laragon\www\inapp\vendor\laravel\framework\src\Illuminate\Foundation\Application.php(768): Illuminate\Container\Container->call(Array)
#17 C:\laragon\www\inapp\vendor\laravel\framework\src\Illuminate\Foundation\Application.php(751): Illuminate\Foundation\Application->bootProvider(Object(Spatie\Permission\PermissionServiceProvider))
#18 [internal function]: Illuminate\Foundation\Application->Illuminate\Foundation\{closure}(Object(Spatie\Permission\PermissionServiceProvider), 18)
#19 C:\laragon\www\inapp\vendor\laravel\framework\src\Illuminate\Foundation\Application.php(752): array_walk(Array, Object(Closure))
#20 C:\laragon\www\inapp\vendor\laravel\framework\src\Illuminate\Foundation\Bootstrap\BootProviders.php(17): Illuminate\Foundation\Application->boot()
#21 C:\laragon\www\inapp\vendor\laravel\framework\src\Illuminate\Foundation\Application.php(208): Illuminate\Foundation\Bootstrap\BootProviders->bootstrap(Object(Illuminate\Foundation\Application))
#22 C:\laragon\www\inapp\vendor\laravel\framework\src\Illuminate\Foundation\Console\Kernel.php(267): Illuminate\Foundation\Application->bootstrapWith(Array)
#23 C:\laragon\www\inapp\vendor\laravel\framework\src\Illuminate\Foundation\Console\Kernel.php(114): Illuminate\Foundation\Console\Kernel->bootstrap()
#24 C:\laragon\www\inapp\artisan(35): Illuminate\Foundation\Console\Kernel->handle(Object(Symfony\Component\Console\Input\ArgvInput), Object(Symfony\Component\Console\Output\ConsoleOutput))
#25 {main}  
[2017-05-12 12:32:24] local.ALERT: Could not register permissions because SQLSTATE[42S02]: Base table or view not found: 1146 Table 'inapp.permissions' doesn't exist (SQL: select * from `permissions`)
#0 C:\laragon\www\inapp\vendor\laravel\framework\src\Illuminate\Database\Connection.php(607): Illuminate\Database\Connection->runQueryCallback('select * from `...', Array, Object(Closure))
#1 C:\laragon\www\inapp\vendor\laravel\framework\src\Illuminate\Database\Connection.php(326): Illuminate\Database\Connection->run('select * from `...', Array, Object(Closure))
#2 C:\laragon\www\inapp\vendor\laravel\framework\src\Illuminate\Database\Query\Builder.php(1711): Illuminate\Database\Connection->select('select * from `...', Array, true)
#3 C:\laragon\www\inapp\vendor\laravel\framework\src\Illuminate\Database\Query\Builder.php(1696): Illuminate\Database\Query\Builder->runSelect()
#4 C:\laragon\www\inapp\vendor\laravel\framework\src\Illuminate\Database\Eloquent\Builder.php(463): Illuminate\Database\Query\Builder->get(Array)
#5 C:\laragon\www\inapp\vendor\laravel\framework\src\Illuminate\Database\Eloquent\Builder.php(447): Illuminate\Database\Eloquent\Builder->getModels(Array)
#6 C:\laragon\www\inapp\vendor\spatie\laravel-permission\src\PermissionRegistrar.php(63): Illuminate\Database\Eloquent\Builder->get()
#7 C:\laragon\www\inapp\vendor\laravel\framework\src\Illuminate\Cache\Repository.php(288): Spatie\Permission\PermissionRegistrar->Spatie\Permission\{closure}()
#8 C:\laragon\www\inapp\vendor\spatie\laravel-permission\src\PermissionRegistrar.php(64): Illuminate\Cache\Repository->remember('spatie.permissi...', 1440, Object(Closure))
#9 C:\laragon\www\inapp\vendor\spatie\laravel-permission\src\PermissionRegistrar.php(36): Spatie\Permission\PermissionRegistrar->getPermissions()
#10 C:\laragon\www\inapp\vendor\spatie\laravel-permission\src\PermissionServiceProvider.php(28): Spatie\Permission\PermissionRegistrar->registerPermissions()
#11 [internal function]: Spatie\Permission\PermissionServiceProvider->boot(Object(Spatie\Permission\PermissionRegistrar))
#12 C:\laragon\www\inapp\vendor\laravel\framework\src\Illuminate\Container\BoundMethod.php(29): call_user_func_array(Array, Array)
#13 C:\laragon\www\inapp\vendor\laravel\framework\src\Illuminate\Container\BoundMethod.php(87): Illuminate\Container\BoundMethod::Illuminate\Container\{closure}()
#14 C:\laragon\www\inapp\vendor\laravel\framework\src\Illuminate\Container\BoundMethod.php(31): Illuminate\Container\BoundMethod::callBoundMethod(Object(Illuminate\Foundation\Application), Array, Object(Closure))
#15 C:\laragon\www\inapp\vendor\laravel\framework\src\Illuminate\Container\Container.php(531): Illuminate\Container\BoundMethod::call(Object(Illuminate\Foundation\Application), Array, Array, NULL)
#16 C:\laragon\www\inapp\vendor\laravel\framework\src\Illuminate\Foundation\Application.php(768): Illuminate\Container\Container->call(Array)
#17 C:\laragon\www\inapp\vendor\laravel\framework\src\Illuminate\Foundation\Application.php(751): Illuminate\Foundation\Application->bootProvider(Object(Spatie\Permission\PermissionServiceProvider))
#18 [internal function]: Illuminate\Foundation\Application->Illuminate\Foundation\{closure}(Object(Spatie\Permission\PermissionServiceProvider), 18)
#19 C:\laragon\www\inapp\vendor\laravel\framework\src\Illuminate\Foundation\Application.php(752): array_walk(Array, Object(Closure))
#20 C:\laragon\www\inapp\vendor\laravel\framework\src\Illuminate\Foundation\Bootstrap\BootProviders.php(17): Illuminate\Foundation\Application->boot()
#21 C:\laragon\www\inapp\vendor\laravel\framework\src\Illuminate\Foundation\Application.php(208): Illuminate\Foundation\Bootstrap\BootProviders->bootstrap(Object(Illuminate\Foundation\Application))
#22 C:\laragon\www\inapp\vendor\laravel\framework\src\Illuminate\Foundation\Console\Kernel.php(267): Illuminate\Foundation\Application->bootstrapWith(Array)
#23 C:\laragon\www\inapp\vendor\laravel\framework\src\Illuminate\Foundation\Console\Kernel.php(114): Illuminate\Foundation\Console\Kernel->bootstrap()
#24 C:\laragon\www\inapp\artisan(35): Illuminate\Foundation\Console\Kernel->handle(Object(Symfony\Component\Console\Input\ArgvInput), Object(Symfony\Component\Console\Output\ConsoleOutput))
#25 {main}  
[2017-05-12 12:32:24] local.ERROR: PDOException: SQLSTATE[42000]: Syntax error or access violation: 1071 Specified key was too long; max key length is 767 bytes in C:\laragon\www\inapp\vendor\laravel\framework\src\Illuminate\Database\Connection.php:449
Stack trace:
#0 C:\laragon\www\inapp\vendor\laravel\framework\src\Illuminate\Database\Connection.php(449): PDOStatement->execute()
#1 C:\laragon\www\inapp\vendor\laravel\framework\src\Illuminate\Database\Connection.php(640): Illuminate\Database\Connection->Illuminate\Database\{closure}('alter table `us...', Array)
#2 C:\laragon\www\inapp\vendor\laravel\framework\src\Illuminate\Database\Connection.php(607): Illuminate\Database\Connection->runQueryCallback('alter table `us...', Array, Object(Closure))
#3 C:\laragon\www\inapp\vendor\laravel\framework\src\Illuminate\Database\Connection.php(450): Illuminate\Database\Connection->run('alter table `us...', Array, Object(Closure))
#4 C:\laragon\www\inapp\vendor\laravel\framework\src\Illuminate\Database\Schema\Blueprint.php(83): Illuminate\Database\Connection->statement('alter table `us...')
#5 C:\laragon\www\inapp\vendor\laravel\framework\src\Illuminate\Database\Schema\Builder.php(239): Illuminate\Database\Schema\Blueprint->build(Object(Illuminate\Database\MySqlConnection), Object(Illuminate\Database\Schema\Grammars\MySqlGrammar))
#6 C:\laragon\www\inapp\vendor\laravel\framework\src\Illuminate\Database\Schema\Builder.php(164): Illuminate\Database\Schema\Builder->build(Object(Illuminate\Database\Schema\Blueprint))
#7 C:\laragon\www\inapp\vendor\laravel\framework\src\Illuminate\Support\Facades\Facade.php(221): Illuminate\Database\Schema\Builder->create('users', Object(Closure))
#8 C:\laragon\www\inapp\database\migrations\2014_10_12_000000_create_users_table.php(23): Illuminate\Support\Facades\Facade::__callStatic('create', Array)
#9 C:\laragon\www\inapp\vendor\laravel\framework\src\Illuminate\Database\Migrations\Migrator.php(353): CreateUsersTable->up()
#10 C:\laragon\www\inapp\vendor\laravel\framework\src\Illuminate\Database\Migrations\Migrator.php(359): Illuminate\Database\Migrations\Migrator->Illuminate\Database\Migrations\{closure}()
#11 C:\laragon\www\inapp\vendor\laravel\framework\src\Illuminate\Database\Migrations\Migrator.php(177): Illuminate\Database\Migrations\Migrator->runMigration(Object(CreateUsersTable), 'up')
#12 C:\laragon\www\inapp\vendor\laravel\framework\src\Illuminate\Database\Migrations\Migrator.php(146): Illuminate\Database\Migrations\Migrator->runUp('C:\\laragon\\www\\...', 1, false)
#13 C:\laragon\www\inapp\vendor\laravel\framework\src\Illuminate\Database\Migrations\Migrator.php(95): Illuminate\Database\Migrations\Migrator->runPending(Array, Array)
#14 C:\laragon\www\inapp\vendor\laravel\framework\src\Illuminate\Database\Console\Migrations\MigrateCommand.php(69): Illuminate\Database\Migrations\Migrator->run(Array, Array)
#15 [internal function]: Illuminate\Database\Console\Migrations\MigrateCommand->fire()
#16 C:\laragon\www\inapp\vendor\laravel\framework\src\Illuminate\Container\BoundMethod.php(29): call_user_func_array(Array, Array)
#17 C:\laragon\www\inapp\vendor\laravel\framework\src\Illuminate\Container\BoundMethod.php(87): Illuminate\Container\BoundMethod::Illuminate\Container\{closure}()
#18 C:\laragon\www\inapp\vendor\laravel\framework\src\Illuminate\Container\BoundMethod.php(31): Illuminate\Container\BoundMethod::callBoundMethod(Object(Illuminate\Foundation\Application), Array, Object(Closure))
#19 C:\laragon\www\inapp\vendor\laravel\framework\src\Illuminate\Container\Container.php(531): Illuminate\Container\BoundMethod::call(Object(Illuminate\Foundation\Application), Array, Array, NULL)
#20 C:\laragon\www\inapp\vendor\laravel\framework\src\Illuminate\Console\Command.php(182): Illuminate\Container\Container->call(Array)
#21 C:\laragon\www\inapp\vendor\symfony\console\Command\Command.php(264): Illuminate\Console\Command->execute(Object(Symfony\Component\Console\Input\ArgvInput), Object(Illuminate\Console\OutputStyle))
#22 C:\laragon\www\inapp\vendor\laravel\framework\src\Illuminate\Console\Command.php(167): Symfony\Component\Console\Command\Command->run(Object(Symfony\Component\Console\Input\ArgvInput), Object(Illuminate\Console\OutputStyle))
#23 C:\laragon\www\inapp\vendor\symfony\console\Application.php(835): Illuminate\Console\Command->run(Object(Symfony\Component\Console\Input\ArgvInput), Object(Symfony\Component\Console\Output\ConsoleOutput))
#24 C:\laragon\www\inapp\vendor\symfony\console\Application.php(200): Symfony\Component\Console\Application->doRunCommand(Object(Illuminate\Database\Console\Migrations\MigrateCommand), Object(Symfony\Component\Console\Input\ArgvInput), Object(Symfony\Component\Console\Output\ConsoleOutput))
#25 C:\laragon\www\inapp\vendor\symfony\console\Application.php(124): Symfony\Component\Console\Application->doRun(Object(Symfony\Component\Console\Input\ArgvInput), Object(Symfony\Component\Console\Output\ConsoleOutput))
#26 C:\laragon\www\inapp\vendor\laravel\framework\src\Illuminate\Foundation\Console\Kernel.php(122): Symfony\Component\Console\Application->run(Object(Symfony\Component\Console\Input\ArgvInput), Object(Symfony\Component\Console\Output\ConsoleOutput))
#27 C:\laragon\www\inapp\artisan(35): Illuminate\Foundation\Console\Kernel->handle(Object(Symfony\Component\Console\Input\ArgvInput), Object(Symfony\Component\Console\Output\ConsoleOutput))
#28 {main}

Next Illuminate\Database\QueryException: SQLSTATE[42000]: Syntax error or access violation: 1071 Specified key was too long; max key length is 767 bytes (SQL: alter table `users` add unique `users_email_unique`(`email`)) in C:\laragon\www\inapp\vendor\laravel\framework\src\Illuminate\Database\Connection.php:647
Stack trace:
#0 C:\laragon\www\inapp\vendor\laravel\framework\src\Illuminate\Database\Connection.php(607): Illuminate\Database\Connection->runQueryCallback('alter table `us...', Array, Object(Closure))
#1 C:\laragon\www\inapp\vendor\laravel\framework\src\Illuminate\Database\Connection.php(450): Illuminate\Database\Connection->run('alter table `us...', Array, Object(Closure))
#2 C:\laragon\www\inapp\vendor\laravel\framework\src\Illuminate\Database\Schema\Blueprint.php(83): Illuminate\Database\Connection->statement('alter table `us...')
#3 C:\laragon\www\inapp\vendor\laravel\framework\src\Illuminate\Database\Schema\Builder.php(239): Illuminate\Database\Schema\Blueprint->build(Object(Illuminate\Database\MySqlConnection), Object(Illuminate\Database\Schema\Grammars\MySqlGrammar))
#4 C:\laragon\www\inapp\vendor\laravel\framework\src\Illuminate\Database\Schema\Builder.php(164): Illuminate\Database\Schema\Builder->build(Object(Illuminate\Database\Schema\Blueprint))
#5 C:\laragon\www\inapp\vendor\laravel\framework\src\Illuminate\Support\Facades\Facade.php(221): Illuminate\Database\Schema\Builder->create('users', Object(Closure))
#6 C:\laragon\www\inapp\database\migrations\2014_10_12_000000_create_users_table.php(23): Illuminate\Support\Facades\Facade::__callStatic('create', Array)
#7 C:\laragon\www\inapp\vendor\laravel\framework\src\Illuminate\Database\Migrations\Migrator.php(353): CreateUsersTable->up()
#8 C:\laragon\www\inapp\vendor\laravel\framework\src\Illuminate\Database\Migrations\Migrator.php(359): Illuminate\Database\Migrations\Migrator->Illuminate\Database\Migrations\{closure}()
#9 C:\laragon\www\inapp\vendor\laravel\framework\src\Illuminate\Database\Migrations\Migrator.php(177): Illuminate\Database\Migrations\Migrator->runMigration(Object(CreateUsersTable), 'up')
#10 C:\laragon\www\inapp\vendor\laravel\framework\src\Illuminate\Database\Migrations\Migrator.php(146): Illuminate\Database\Migrations\Migrator->runUp('C:\\laragon\\www\\...', 1, false)
#11 C:\laragon\www\inapp\vendor\laravel\framework\src\Illuminate\Database\Migrations\Migrator.php(95): Illuminate\Database\Migrations\Migrator->runPending(Array, Array)
#12 C:\laragon\www\inapp\vendor\laravel\framework\src\Illuminate\Database\Console\Migrations\MigrateCommand.php(69): Illuminate\Database\Migrations\Migrator->run(Array, Array)
#13 [internal function]: Illuminate\Database\Console\Migrations\MigrateCommand->fire()
#14 C:\laragon\www\inapp\vendor\laravel\framework\src\Illuminate\Container\BoundMethod.php(29): call_user_func_array(Array, Array)
#15 C:\laragon\www\inapp\vendor\laravel\framework\src\Illuminate\Container\BoundMethod.php(87): Illuminate\Container\BoundMethod::Illuminate\Container\{closure}()
#16 C:\laragon\www\inapp\vendor\laravel\framework\src\Illuminate\Container\BoundMethod.php(31): Illuminate\Container\BoundMethod::callBoundMethod(Object(Illuminate\Foundation\Application), Array, Object(Closure))
#17 C:\laragon\www\inapp\vendor\laravel\framework\src\Illuminate\Container\Container.php(531): Illuminate\Container\BoundMethod::call(Object(Illuminate\Foundation\Application), Array, Array, NULL)
#18 C:\laragon\www\inapp\vendor\laravel\framework\src\Illuminate\Console\Command.php(182): Illuminate\Container\Container->call(Array)
#19 C:\laragon\www\inapp\vendor\symfony\console\Command\Command.php(264): Illuminate\Console\Command->execute(Object(Symfony\Component\Console\Input\ArgvInput), Object(Illuminate\Console\OutputStyle))
#20 C:\laragon\www\inapp\vendor\laravel\framework\src\Illuminate\Console\Command.php(167): Symfony\Component\Console\Command\Command->run(Object(Symfony\Component\Console\Input\ArgvInput), Object(Illuminate\Console\OutputStyle))
#21 C:\laragon\www\inapp\vendor\symfony\console\Application.php(835): Illuminate\Console\Command->run(Object(Symfony\Component\Console\Input\ArgvInput), Object(Symfony\Component\Console\Output\ConsoleOutput))
#22 C:\laragon\www\inapp\vendor\symfony\console\Application.php(200): Symfony\Component\Console\Application->doRunCommand(Object(Illuminate\Database\Console\Migrations\MigrateCommand), Object(Symfony\Component\Console\Input\ArgvInput), Object(Symfony\Component\Console\Output\ConsoleOutput))
#23 C:\laragon\www\inapp\vendor\symfony\console\Application.php(124): Symfony\Component\Console\Application->doRun(Object(Symfony\Component\Console\Input\ArgvInput), Object(Symfony\Component\Console\Output\ConsoleOutput))
#24 C:\laragon\www\inapp\vendor\laravel\framework\src\Illuminate\Foundation\Console\Kernel.php(122): Symfony\Component\Console\Application->run(Object(Symfony\Component\Console\Input\ArgvInput), Object(Symfony\Component\Console\Output\ConsoleOutput))
#25 C:\laragon\www\inapp\artisan(35): Illuminate\Foundation\Console\Kernel->handle(Object(Symfony\Component\Console\Input\ArgvInput), Object(Symfony\Component\Console\Output\ConsoleOutput))
#26 {main}  
[2017-05-12 12:34:35] local.ALERT: Could not register permissions because SQLSTATE[42S02]: Base table or view not found: 1146 Table 'inapp.permissions' doesn't exist (SQL: select * from `permissions`)
#0 C:\laragon\www\inapp\vendor\laravel\framework\src\Illuminate\Database\Connection.php(607): Illuminate\Database\Connection->runQueryCallback('select * from `...', Array, Object(Closure))
#1 C:\laragon\www\inapp\vendor\laravel\framework\src\Illuminate\Database\Connection.php(326): Illuminate\Database\Connection->run('select * from `...', Array, Object(Closure))
#2 C:\laragon\www\inapp\vendor\laravel\framework\src\Illuminate\Database\Query\Builder.php(1711): Illuminate\Database\Connection->select('select * from `...', Array, true)
#3 C:\laragon\www\inapp\vendor\laravel\framework\src\Illuminate\Database\Query\Builder.php(1696): Illuminate\Database\Query\Builder->runSelect()
#4 C:\laragon\www\inapp\vendor\laravel\framework\src\Illuminate\Database\Eloquent\Builder.php(463): Illuminate\Database\Query\Builder->get(Array)
#5 C:\laragon\www\inapp\vendor\laravel\framework\src\Illuminate\Database\Eloquent\Builder.php(447): Illuminate\Database\Eloquent\Builder->getModels(Array)
#6 C:\laragon\www\inapp\vendor\spatie\laravel-permission\src\PermissionRegistrar.php(63): Illuminate\Database\Eloquent\Builder->get()
#7 C:\laragon\www\inapp\vendor\laravel\framework\src\Illuminate\Cache\Repository.php(288): Spatie\Permission\PermissionRegistrar->Spatie\Permission\{closure}()
#8 C:\laragon\www\inapp\vendor\spatie\laravel-permission\src\PermissionRegistrar.php(64): Illuminate\Cache\Repository->remember('spatie.permissi...', 1440, Object(Closure))
#9 C:\laragon\www\inapp\vendor\spatie\laravel-permission\src\PermissionRegistrar.php(36): Spatie\Permission\PermissionRegistrar->getPermissions()
#10 C:\laragon\www\inapp\vendor\spatie\laravel-permission\src\PermissionServiceProvider.php(28): Spatie\Permission\PermissionRegistrar->registerPermissions()
#11 [internal function]: Spatie\Permission\PermissionServiceProvider->boot(Object(Spatie\Permission\PermissionRegistrar))
#12 C:\laragon\www\inapp\vendor\laravel\framework\src\Illuminate\Container\BoundMethod.php(29): call_user_func_array(Array, Array)
#13 C:\laragon\www\inapp\vendor\laravel\framework\src\Illuminate\Container\BoundMethod.php(87): Illuminate\Container\BoundMethod::Illuminate\Container\{closure}()
#14 C:\laragon\www\inapp\vendor\laravel\framework\src\Illuminate\Container\BoundMethod.php(31): Illuminate\Container\BoundMethod::callBoundMethod(Object(Illuminate\Foundation\Application), Array, Object(Closure))
#15 C:\laragon\www\inapp\vendor\laravel\framework\src\Illuminate\Container\Container.php(531): Illuminate\Container\BoundMethod::call(Object(Illuminate\Foundation\Application), Array, Array, NULL)
#16 C:\laragon\www\inapp\vendor\laravel\framework\src\Illuminate\Foundation\Application.php(768): Illuminate\Container\Container->call(Array)
#17 C:\laragon\www\inapp\vendor\laravel\framework\src\Illuminate\Foundation\Application.php(751): Illuminate\Foundation\Application->bootProvider(Object(Spatie\Permission\PermissionServiceProvider))
#18 [internal function]: Illuminate\Foundation\Application->Illuminate\Foundation\{closure}(Object(Spatie\Permission\PermissionServiceProvider), 18)
#19 C:\laragon\www\inapp\vendor\laravel\framework\src\Illuminate\Foundation\Application.php(752): array_walk(Array, Object(Closure))
#20 C:\laragon\www\inapp\vendor\laravel\framework\src\Illuminate\Foundation\Bootstrap\BootProviders.php(17): Illuminate\Foundation\Application->boot()
#21 C:\laragon\www\inapp\vendor\laravel\framework\src\Illuminate\Foundation\Application.php(208): Illuminate\Foundation\Bootstrap\BootProviders->bootstrap(Object(Illuminate\Foundation\Application))
#22 C:\laragon\www\inapp\vendor\laravel\framework\src\Illuminate\Foundation\Console\Kernel.php(267): Illuminate\Foundation\Application->bootstrapWith(Array)
#23 C:\laragon\www\inapp\vendor\laravel\framework\src\Illuminate\Foundation\Console\Kernel.php(114): Illuminate\Foundation\Console\Kernel->bootstrap()
#24 C:\laragon\www\inapp\artisan(35): Illuminate\Foundation\Console\Kernel->handle(Object(Symfony\Component\Console\Input\ArgvInput), Object(Symfony\Component\Console\Output\ConsoleOutput))
#25 {main}  
[2017-05-12 12:34:35] local.ERROR: Symfony\Component\Debug\Exception\FatalThrowableError: Class 'App\Providers\Schema' not found in C:\laragon\www\inapp\app\Providers\AppServiceProvider.php:16
Stack trace:
#0 [internal function]: App\Providers\AppServiceProvider->boot()
#1 C:\laragon\www\inapp\vendor\laravel\framework\src\Illuminate\Container\BoundMethod.php(29): call_user_func_array(Array, Array)
#2 C:\laragon\www\inapp\vendor\laravel\framework\src\Illuminate\Container\BoundMethod.php(87): Illuminate\Container\BoundMethod::Illuminate\Container\{closure}()
#3 C:\laragon\www\inapp\vendor\laravel\framework\src\Illuminate\Container\BoundMethod.php(31): Illuminate\Container\BoundMethod::callBoundMethod(Object(Illuminate\Foundation\Application), Array, Object(Closure))
#4 C:\laragon\www\inapp\vendor\laravel\framework\src\Illuminate\Container\Container.php(531): Illuminate\Container\BoundMethod::call(Object(Illuminate\Foundation\Application), Array, Array, NULL)
#5 C:\laragon\www\inapp\vendor\laravel\framework\src\Illuminate\Foundation\Application.php(768): Illuminate\Container\Container->call(Array)
#6 C:\laragon\www\inapp\vendor\laravel\framework\src\Illuminate\Foundation\Application.php(751): Illuminate\Foundation\Application->bootProvider(Object(App\Providers\AppServiceProvider))
#7 [internal function]: Illuminate\Foundation\Application->Illuminate\Foundation\{closure}(Object(App\Providers\AppServiceProvider), 19)
#8 C:\laragon\www\inapp\vendor\laravel\framework\src\Illuminate\Foundation\Application.php(752): array_walk(Array, Object(Closure))
#9 C:\laragon\www\inapp\vendor\laravel\framework\src\Illuminate\Foundation\Bootstrap\BootProviders.php(17): Illuminate\Foundation\Application->boot()
#10 C:\laragon\www\inapp\vendor\laravel\framework\src\Illuminate\Foundation\Application.php(208): Illuminate\Foundation\Bootstrap\BootProviders->bootstrap(Object(Illuminate\Foundation\Application))
#11 C:\laragon\www\inapp\vendor\laravel\framework\src\Illuminate\Foundation\Console\Kernel.php(267): Illuminate\Foundation\Application->bootstrapWith(Array)
#12 C:\laragon\www\inapp\vendor\laravel\framework\src\Illuminate\Foundation\Console\Kernel.php(114): Illuminate\Foundation\Console\Kernel->bootstrap()
#13 C:\laragon\www\inapp\artisan(35): Illuminate\Foundation\Console\Kernel->handle(Object(Symfony\Component\Console\Input\ArgvInput), Object(Symfony\Component\Console\Output\ConsoleOutput))
#14 {main}  
[2017-05-12 12:35:09] local.ALERT: Could not register permissions because SQLSTATE[42S02]: Base table or view not found: 1146 Table 'inapp.permissions' doesn't exist (SQL: select * from `permissions`)
#0 C:\laragon\www\inapp\vendor\laravel\framework\src\Illuminate\Database\Connection.php(607): Illuminate\Database\Connection->runQueryCallback('select * from `...', Array, Object(Closure))
#1 C:\laragon\www\inapp\vendor\laravel\framework\src\Illuminate\Database\Connection.php(326): Illuminate\Database\Connection->run('select * from `...', Array, Object(Closure))
#2 C:\laragon\www\inapp\vendor\laravel\framework\src\Illuminate\Database\Query\Builder.php(1711): Illuminate\Database\Connection->select('select * from `...', Array, true)
#3 C:\laragon\www\inapp\vendor\laravel\framework\src\Illuminate\Database\Query\Builder.php(1696): Illuminate\Database\Query\Builder->runSelect()
#4 C:\laragon\www\inapp\vendor\laravel\framework\src\Illuminate\Database\Eloquent\Builder.php(463): Illuminate\Database\Query\Builder->get(Array)
#5 C:\laragon\www\inapp\vendor\laravel\framework\src\Illuminate\Database\Eloquent\Builder.php(447): Illuminate\Database\Eloquent\Builder->getModels(Array)
#6 C:\laragon\www\inapp\vendor\spatie\laravel-permission\src\PermissionRegistrar.php(63): Illuminate\Database\Eloquent\Builder->get()
#7 C:\laragon\www\inapp\vendor\laravel\framework\src\Illuminate\Cache\Repository.php(288): Spatie\Permission\PermissionRegistrar->Spatie\Permission\{closure}()
#8 C:\laragon\www\inapp\vendor\spatie\laravel-permission\src\PermissionRegistrar.php(64): Illuminate\Cache\Repository->remember('spatie.permissi...', 1440, Object(Closure))
#9 C:\laragon\www\inapp\vendor\spatie\laravel-permission\src\PermissionRegistrar.php(36): Spatie\Permission\PermissionRegistrar->getPermissions()
#10 C:\laragon\www\inapp\vendor\spatie\laravel-permission\src\PermissionServiceProvider.php(28): Spatie\Permission\PermissionRegistrar->registerPermissions()
#11 [internal function]: Spatie\Permission\PermissionServiceProvider->boot(Object(Spatie\Permission\PermissionRegistrar))
#12 C:\laragon\www\inapp\vendor\laravel\framework\src\Illuminate\Container\BoundMethod.php(29): call_user_func_array(Array, Array)
#13 C:\laragon\www\inapp\vendor\laravel\framework\src\Illuminate\Container\BoundMethod.php(87): Illuminate\Container\BoundMethod::Illuminate\Container\{closure}()
#14 C:\laragon\www\inapp\vendor\laravel\framework\src\Illuminate\Container\BoundMethod.php(31): Illuminate\Container\BoundMethod::callBoundMethod(Object(Illuminate\Foundation\Application), Array, Object(Closure))
#15 C:\laragon\www\inapp\vendor\laravel\framework\src\Illuminate\Container\Container.php(531): Illuminate\Container\BoundMethod::call(Object(Illuminate\Foundation\Application), Array, Array, NULL)
#16 C:\laragon\www\inapp\vendor\laravel\framework\src\Illuminate\Foundation\Application.php(768): Illuminate\Container\Container->call(Array)
#17 C:\laragon\www\inapp\vendor\laravel\framework\src\Illuminate\Foundation\Application.php(751): Illuminate\Foundation\Application->bootProvider(Object(Spatie\Permission\PermissionServiceProvider))
#18 [internal function]: Illuminate\Foundation\Application->Illuminate\Foundation\{closure}(Object(Spatie\Permission\PermissionServiceProvider), 18)
#19 C:\laragon\www\inapp\vendor\laravel\framework\src\Illuminate\Foundation\Application.php(752): array_walk(Array, Object(Closure))
#20 C:\laragon\www\inapp\vendor\laravel\framework\src\Illuminate\Foundation\Bootstrap\BootProviders.php(17): Illuminate\Foundation\Application->boot()
#21 C:\laragon\www\inapp\vendor\laravel\framework\src\Illuminate\Foundation\Application.php(208): Illuminate\Foundation\Bootstrap\BootProviders->bootstrap(Object(Illuminate\Foundation\Application))
#22 C:\laragon\www\inapp\vendor\laravel\framework\src\Illuminate\Foundation\Console\Kernel.php(267): Illuminate\Foundation\Application->bootstrapWith(Array)
#23 C:\laragon\www\inapp\vendor\laravel\framework\src\Illuminate\Foundation\Console\Kernel.php(114): Illuminate\Foundation\Console\Kernel->bootstrap()
#24 C:\laragon\www\inapp\artisan(35): Illuminate\Foundation\Console\Kernel->handle(Object(Symfony\Component\Console\Input\ArgvInput), Object(Symfony\Component\Console\Output\ConsoleOutput))
#25 {main}  
